<?xml version="1.0" encoding="UTF-8"?>
<!-- Generated by org.testng.reporters.JUnitReportReporter -->
<testsuite hostname="nsubramani-mbp-1" name="com.koch.koch_assignment.Fightdeails" tests="1" failures="0" timestamp="12 Sep 2020 10:17:22 GMT" time="3.081" errors="0">
  <testcase name="marshallSite" time="3.081" classname="com.koch.koch_assignment.Fightdeails"/>
</testsuite> <!-- com.koch.koch_assignment.Fightdeails -->
